d:\pglearning\computer graphics\main\lab3\project1\debug\vc141.pdb
d:\pglearning\computer graphics\main\lab3\project1\debug\vc141.idb
d:\pglearning\computer graphics\main\lab3\project1\debug\shader.obj
d:\pglearning\computer graphics\main\lab3\project1\debug\main.obj
d:\pglearning\computer graphics\main\lab3\project1\debug\vertexbuffer.obj
d:\pglearning\computer graphics\main\lab3\project1\debug\vertexarray.obj
d:\pglearning\computer graphics\main\lab3\project1\debug\stb_image.obj
d:\pglearning\computer graphics\main\lab3\project1\debug\glm.obj
d:\pglearning\computer graphics\main\lab3\project1\debug\texture.obj
d:\pglearning\computer graphics\main\lab3\project1\debug\test.obj
d:\pglearning\computer graphics\main\lab3\project1\debug\terrain.obj
d:\pglearning\computer graphics\main\lab3\project1\debug\save.obj
d:\pglearning\computer graphics\main\lab3\project1\debug\reticle.obj
d:\pglearning\computer graphics\main\lab3\project1\debug\renderer.obj
d:\pglearning\computer graphics\main\lab3\project1\debug\playermove.obj
d:\pglearning\computer graphics\main\lab3\project1\debug\model.obj
d:\pglearning\computer graphics\main\lab3\project1\debug\mesh.obj
d:\pglearning\computer graphics\main\lab3\project1\debug\keyboard.obj
d:\pglearning\computer graphics\main\lab3\project1\debug\indexbuffer.obj
d:\pglearning\computer graphics\main\lab3\project1\debug\framebuffer.obj
d:\pglearning\computer graphics\main\lab3\project1\debug\cubemaptexture.obj
d:\pglearning\computer graphics\main\lab3\debug\project1.pdb
d:\pglearning\computer graphics\main\lab3\debug\project1.exe
d:\pglearning\computer graphics\main\lab3\debug\project1.ilk
d:\pglearning\computer graphics\main\lab3\project1\debug\project1.tlog\cl.command.1.tlog
d:\pglearning\computer graphics\main\lab3\project1\debug\project1.tlog\cl.read.1.tlog
d:\pglearning\computer graphics\main\lab3\project1\debug\project1.tlog\cl.write.1.tlog
d:\pglearning\computer graphics\main\lab3\project1\debug\project1.tlog\link.command.1.tlog
d:\pglearning\computer graphics\main\lab3\project1\debug\project1.tlog\link.read.1.tlog
d:\pglearning\computer graphics\main\lab3\project1\debug\project1.tlog\link.write.1.tlog
